\BOOKMARK [1][-]{section.1}{For impatient people}{}% 1
\BOOKMARK [1][-]{section.2}{Installation}{}% 2
\BOOKMARK [2][-]{subsection.2.1}{Requirements}{section.2}% 3
\BOOKMARK [2][-]{subsection.2.2}{Compiling instructions}{section.2}% 4
\BOOKMARK [2][-]{subsection.2.3}{Compilation settings}{section.2}% 5
\BOOKMARK [3][-]{subsubsection.2.3.1}{Colorspace Velvet}{subsection.2.3}% 6
\BOOKMARK [3][-]{subsubsection.2.3.2}{CATEGORIES}{subsection.2.3}% 7
\BOOKMARK [3][-]{subsubsection.2.3.3}{MAXKMERLENGTH.}{subsection.2.3}% 8
\BOOKMARK [3][-]{subsubsection.2.3.4}{BIGASSEMBLY}{subsection.2.3}% 9
\BOOKMARK [3][-]{subsubsection.2.3.5}{LONGSEQUENCES}{subsection.2.3}% 10
\BOOKMARK [3][-]{subsubsection.2.3.6}{OPENMP}{subsection.2.3}% 11
\BOOKMARK [3][-]{subsubsection.2.3.7}{BUNDLEDZLIB}{subsection.2.3}% 12
\BOOKMARK [1][-]{section.3}{Running instructions}{}% 13
\BOOKMARK [2][-]{subsection.3.1}{Running velveth}{section.3}% 14
\BOOKMARK [3][-]{subsubsection.3.1.1}{Piping Velvet}{subsection.3.1}% 15
\BOOKMARK [3][-]{subsubsection.3.1.2}{Strand specific sequencing}{subsection.3.1}% 16
\BOOKMARK [3][-]{subsubsection.3.1.3}{Multiple k-mers}{subsection.3.1}% 17
\BOOKMARK [3][-]{subsubsection.3.1.4}{Preprocessing the Sequences file}{subsection.3.1}% 18
\BOOKMARK [3][-]{subsubsection.3.1.5}{Using the binary version of Sequences}{subsection.3.1}% 19
\BOOKMARK [2][-]{subsection.3.2}{Running velvetg}{section.3}% 20
\BOOKMARK [3][-]{subsubsection.3.2.1}{Single reads}{subsection.3.2}% 21
\BOOKMARK [3][-]{subsubsection.3.2.2}{Adding long reads}{subsection.3.2}% 22
\BOOKMARK [3][-]{subsubsection.3.2.3}{Paired-ends reads}{subsection.3.2}% 23
\BOOKMARK [3][-]{subsubsection.3.2.4}{Controlling Velvet's output}{subsection.3.2}% 24
\BOOKMARK [2][-]{subsection.3.3}{Advanced parameters: Tour Bus}{section.3}% 25
\BOOKMARK [2][-]{subsection.3.4}{Advanced parameters: Rock Band}{section.3}% 26
\BOOKMARK [2][-]{subsection.3.5}{Advanced parameters: Pebble}{section.3}% 27
\BOOKMARK [1][-]{section.4}{File formats}{}% 28
\BOOKMARK [2][-]{subsection.4.1}{Input sequence files}{section.4}% 29
\BOOKMARK [3][-]{subsubsection.4.1.1}{How Velvet now reads paired reads}{subsection.4.1}% 30
\BOOKMARK [3][-]{subsubsection.4.1.2}{How Velvet used to work}{subsection.4.1}% 31
\BOOKMARK [2][-]{subsection.4.2}{Output files}{section.4}% 32
\BOOKMARK [3][-]{subsubsection.4.2.1}{The contigs.fa file}{subsection.4.2}% 33
\BOOKMARK [3][-]{subsubsection.4.2.2}{The stats.txt file}{subsection.4.2}% 34
\BOOKMARK [3][-]{subsubsection.4.2.3}{The velvet\137asm.afg file}{subsection.4.2}% 35
\BOOKMARK [3][-]{subsubsection.4.2.4}{The LastGraph file}{subsection.4.2}% 36
\BOOKMARK [1][-]{section.5}{Practical considerations / Frequently asked questions}{}% 37
\BOOKMARK [2][-]{subsection.5.1}{K-mer coverage}{section.5}% 38
\BOOKMARK [2][-]{subsection.5.2}{Choice of hash length k}{section.5}% 39
\BOOKMARK [2][-]{subsection.5.3}{Choice of a coverage cutoff}{section.5}% 40
\BOOKMARK [2][-]{subsection.5.4}{Determining the expected coverage}{section.5}% 41
\BOOKMARK [2][-]{subsection.5.5}{Visualising contigs and assemblies}{section.5}% 42
\BOOKMARK [2][-]{subsection.5.6}{What's long and what's short?}{section.5}% 43
\BOOKMARK [1][-]{section.6}{Contributed software}{}% 44
\BOOKMARK [1][-]{section.7}{For more information}{}% 45
